[10:30:35] [main/INFO]: Loading 85 mods:
	- advanced_runtime_resource_pack 0.4.3 via enhancedblockentities
	- architectury 1.32.66
	- attributefix 1.0.2
	- carpet 1.4.44
	- carpet-extra 1.4.43
	- carpet-tis-addition 1.44.0
	- cloth-basic-math 0.6.0 via cloth-config2
	- cloth-client-events-v0 1.6.59 via roughlyenoughitems
	- cloth-config2 4.14.54
	- conditional-mixin 0.3.2 via carpet-tis-addition
	- enhancedblockentities 0.4
	- fabric 0.42.0+1.16
	- fabric-api-base 0.4.0+3cc0f0907d via fabric
	- fabric-api-lookup-api-v1 1.3.1+3cc0f0907d via fabric
	- fabric-biome-api-v1 3.1.13+3cc0f0907d via fabric
	- fabric-command-api-v1 1.1.3+3cc0f0907d via fabric
	- fabric-commands-v0 0.2.3+3cc0f0907d via fabric
	- fabric-containers-v0 0.1.12+3cc0f0907d via fabric
	- fabric-content-registries-v0 0.2.5+3cc0f0907d via fabric
	- fabric-crash-report-info-v1 0.1.4+3cc0f0907d via fabric
	- fabric-dimensions-v1 2.0.8+3cc0f0907d via fabric
	- fabric-entity-events-v1 1.2.4+3cc0f0907d via fabric
	- fabric-events-interaction-v0 0.4.5+3cc0f0907d via fabric
	- fabric-events-lifecycle-v0 0.2.2+3cc0f0907d via fabric
	- fabric-game-rule-api-v1 1.0.7+3cc0f0907d via fabric
	- fabric-item-api-v1 1.2.2+3cc0f0907d via fabric
	- fabric-item-groups-v0 0.3.1+3cc0f0907d via fabric
	- fabric-language-kotlin 1.8.7+kotlin.1.7.22
	- fabric-lifecycle-events-v1 1.2.2+3cc0f0907d via fabric
	- fabric-loot-tables-v1 1.0.3+3cc0f0907d via fabric
	- fabric-mining-levels-v0 0.1.4+3cc0f0907d via fabric
	- fabric-networking-api-v1 1.0.5+3cc0f0907d via fabric
	- fabric-networking-blockentity-v0 0.2.9+3cc0f0907d via fabric
	- fabric-networking-v0 0.3.3+3cc0f0907d via fabric
	- fabric-object-builder-api-v1 1.9.6+3cc0f0907d via fabric
	- fabric-object-builders-v0 0.7.3+3cc0f0907d via fabric
	- fabric-particles-v1 0.2.5+3cc0f0907d via fabric
	- fabric-registry-sync-v0 0.7.6+3cc0f0907d via fabric
	- fabric-rendering-data-attachment-v1 0.1.6+3cc0f0907d via fabric
	- fabric-rendering-fluids-v1 0.1.15+3cc0f0907d via fabric
	- fabric-resource-loader-v0 0.4.8+3cc0f0907d via fabric
	- fabric-screen-handler-api-v1 1.1.6+3cc0f0907d via fabric
	- fabric-structure-api-v1 1.1.12+3cc0f0907d via fabric
	- fabric-tag-extensions-v0 1.1.2+3cc0f0907d via fabric
	- fabric-tool-attribute-api-v1 1.2.8+3cc0f0907d via fabric
	- fabric-transfer-api-v1 1.5.0+3cc0f0907d via fabric
	- fabricloader 0.14.10
	- ferritecore 2.1.1
	- flytre_lib 0.2.11
	- gca 2.5.0-1.16
	- ibeeditor 2.0.10
	- ivan-carpet-addition 2.2.1
	- java 17
	- kibe 1.7-BETA
	- libblockattributes_core 0.8.7 via kibe
	- libblockattributes_fluids 0.8.7 via kibe
	- litematica-server-paster 1.1.1
	- lithium 0.6.6
	- magiclib 0.5.37
	- magiclib-1_16_5 0.5.37 via magiclib
	- minecraft 1.16.5
	- org_jetbrains_kotlin_kotlin-reflect 1.7.22 via fabric-language-kotlin
	- org_jetbrains_kotlin_kotlin-stdlib 1.7.22 via fabric-language-kotlin
	- org_jetbrains_kotlin_kotlin-stdlib-jdk7 1.7.22 via fabric-language-kotlin
	- org_jetbrains_kotlin_kotlin-stdlib-jdk8 1.7.22 via fabric-language-kotlin
	- org_jetbrains_kotlinx_atomicfu-jvm 0.18.5 via fabric-language-kotlin
	- org_jetbrains_kotlinx_kotlinx-coroutines-core-jvm 1.6.4 via fabric-language-kotlin
	- org_jetbrains_kotlinx_kotlinx-coroutines-jdk8 1.6.4 via fabric-language-kotlin
	- org_jetbrains_kotlinx_kotlinx-datetime-jvm 0.4.0 via fabric-language-kotlin
	- org_jetbrains_kotlinx_kotlinx-serialization-cbor-jvm 1.4.1 via fabric-language-kotlin
	- org_jetbrains_kotlinx_kotlinx-serialization-core-jvm 1.4.1 via fabric-language-kotlin
	- org_jetbrains_kotlinx_kotlinx-serialization-json-jvm 1.4.1 via fabric-language-kotlin
	- org_yaml_snakeyaml 1.29 via ivan-carpet-addition
	- pca 0.2.5
	- phosphor 0.8.0
	- playerabilitylib 1.2.2 via kibe
	- reicheatkeybind 1.0.1
	- roughlyenoughitems 5.12.385
	- roughlyenoughitems-api 5.12.385 via roughlyenoughitems
	- roughlyenoughitems-default-plugin 5.12.385 via roughlyenoughitems
	- roughlyenoughitems-runtime 5.12.385 via roughlyenoughitems
	- roughlyenoughresources 2.1.5
	- tellme 0.9.2
	- xaerominimap 22.17.0
	- xaeroworldmap 1.28.7
[10:30:36] [main/INFO]: SpongePowered MIXIN Subsystem Version=0.8.5 Source=file:/workspaces/codespaces-blank/suc/libraries/net/fabricmc/sponge-mixin/0.11.4+mixin.0.8.5/sponge-mixin-0.11.4+mixin.0.8.5.jar Service=Knot/Fabric Env=SERVER
[10:30:36] [main/INFO]: Loaded configuration file for Lithium: 80 options available, 0 override(s) found
[10:30:37] [main/WARN]: Error loading class: me/shedaniel/rei/impl/ConfigObjectImpl (java.lang.RuntimeException: Cannot load class me.shedaniel.rei.impl.ConfigObjectImpl in environment type SERVER)
[10:30:37] [main/WARN]: @Mixin target me.shedaniel.rei.impl.ConfigObjectImpl was not found reicheatkeybind.mixins.json:ConfigObjectMixin from mod reicheatkeybind
[10:30:37] [main/INFO]: I used the json to destroy the json
[10:30:40] [main/INFO]: Using Java 9+ class definer
[10:30:44] [TISCM Mapping/INFO]: Yarn mapping file yarn-1.16.5+build.10-v2.tiny loaded
[10:30:44] [main/INFO]: Initializing IBE Editor - common
[10:30:44] [main/INFO]: Setting up IBE Editor - common
[10:30:44] [main/INFO]: Common configuration loaded
[10:30:45] [main/INFO]: Trying to read config file...
[10:30:45] [main/INFO]: A config file was found, loading it..
[10:30:45] [main/INFO]: Successfully loaded config file.
[10:30:45] [main/INFO]: Silk not found, not loading compatibility for fluids.
[10:30:45] [main/INFO]: RebornCore not found, not loading compatibility for fluids. (reborncore.common.blockentity.MachineBaseBlockEntity)
[10:30:45] [main/WARN]: Replaced the attribute alexiil.mc.lib.attributes.fluid.GroupedFluidInvView value for minecraft:glass_bottle with alexiil.mc.lib.attributes.fluid.FluidContainerRegistry$StateEmpty$$Lambda$2526/0x00000008013350f0@77833456 (was alexiil.mc.lib.attributes.fluid.FluidContainerRegistry$StateEmpty$$Lambda$2526/0x00000008013350f0@2f6867d1)
[10:30:45] [main/WARN]: Replaced the attribute alexiil.mc.lib.attributes.fluid.GroupedFluidInv value for minecraft:glass_bottle with alexiil.mc.lib.attributes.fluid.FluidContainerRegistry$StateEmpty$$Lambda$2526/0x00000008013350f0@57893f3b (was alexiil.mc.lib.attributes.fluid.FluidContainerRegistry$StateEmpty$$Lambda$2526/0x00000008013350f0@aa60438)
[10:30:45] [main/WARN]: Replaced the attribute alexiil.mc.lib.attributes.fluid.FluidInsertable value for minecraft:glass_bottle with alexiil.mc.lib.attributes.fluid.FluidContainerRegistry$StateEmpty$$Lambda$2526/0x00000008013350f0@6469a0be (was alexiil.mc.lib.attributes.fluid.FluidContainerRegistry$StateEmpty$$Lambda$2526/0x00000008013350f0@853050d)
[10:30:45] [main/WARN]: Replaced the attribute alexiil.mc.lib.attributes.fluid.FluidExtractable value for minecraft:glass_bottle with alexiil.mc.lib.attributes.fluid.FluidContainerRegistry$StateEmpty$$Lambda$2526/0x00000008013350f0@163d83db (was alexiil.mc.lib.attributes.fluid.FluidContainerRegistry$StateEmpty$$Lambda$2526/0x00000008013350f0@2c80d2e0)
[10:30:45] [main/INFO]: [MagicLib for 1.16.5]: Mod initialized - Version: 0.5.37
[10:30:46] [main/INFO]: [RER] RoughlyEnoughPacketSize?  Possibly.
[10:30:46] [main/INFO]: Ivan Carpet Addition 2.2.1 loaded
[10:30:46] [main/INFO]: Thank you for using ICA!
[10:30:46] [main/INFO]: ICA is open source, u can find it here: https://github.com/Ivan-1F/Ivan-Carpet-Addition
[10:30:46] [main/INFO]: ICA is still in development, it may not work well
[10:30:46] [main/INFO]: If u find any bug, please report them here: https://github.com/Ivan-1F/Ivan-Carpet-Addition/issues
[10:30:46] [main/INFO]: Loading Xaero's Minimap - Stage 1/2 (Server)
[10:30:46] [main/INFO]: Loading Xaero's World Map - Stage 1/2 (Server)
[10:30:48] [main/INFO]: Environment: authHost='https://authserver.mojang.com', accountsHost='https://api.mojang.com', sessionHost='https://sessionserver.mojang.com', servicesHost='https://api.minecraftservices.com', name='PROD'
[10:30:49] [main/WARN]: Ambiguity between arguments [teleport, destination] and [teleport, targets] with inputs: [Player, 0123, @e, dd12be42-52a9-4a91-a8a1-11c01849e498]
[10:30:49] [main/WARN]: Ambiguity between arguments [teleport, location] and [teleport, destination] with inputs: [0.1 -0.5 .9, 0 0 0]
[10:30:49] [main/WARN]: Ambiguity between arguments [teleport, location] and [teleport, targets] with inputs: [0.1 -0.5 .9, 0 0 0]
[10:30:49] [main/WARN]: Ambiguity between arguments [teleport, targets] and [teleport, destination] with inputs: [Player, 0123, dd12be42-52a9-4a91-a8a1-11c01849e498]
[10:30:49] [main/WARN]: Ambiguity between arguments [teleport, targets, location] and [teleport, targets, destination] with inputs: [0.1 -0.5 .9, 0 0 0]
[10:30:49] [main/INFO]: Reloading ResourceManager: Default, Fabric Mods (Fabric Tool Attribute API (v1), Kibe)
[10:30:49] [main/INFO]: ARRP register - before vanilla
[10:30:49] [main/INFO]: ARRP register - after vanilla
[10:30:50] [Worker-Main-5/INFO]: Loaded 8 recipes
[10:30:51] [Worker-Main-5/INFO]: Loaded 927 advancements
[10:30:53] [main/INFO]: Applied 0 biome modifications to 0 of 79 new biomes in 3.462 ms
[10:30:53] [main/INFO]: [fabric-registry-sync] Loaded registry data [file 1/4]
[10:30:53] [Server thread/INFO]: Starting minecraft server version 1.16.5
[10:30:53] [Server thread/INFO]: Loading properties
[10:30:53] [Server thread/INFO]: Default game type: SURVIVAL
[10:30:53] [Server thread/INFO]: Generating keypair
[10:30:53] [Server thread/INFO]: Starting Minecraft server on *:25565
[10:30:53] [Server thread/INFO]: Using epoll channel type
[10:30:54] [Server thread/WARN]: **** SERVER IS RUNNING IN OFFLINE/INSECURE MODE!
[10:30:54] [Server thread/WARN]: The server will make no attempt to authenticate usernames. Beware.
[10:30:54] [Server thread/WARN]: While this makes the game possible to play without internet access, it also opens up the ability for hackers to connect with any username they choose.
[10:30:54] [Server thread/WARN]: To change this, set "online-mode" to "true" in the server.properties file.
[10:30:54] [Server thread/INFO]: Preparing level "SUC"
[10:30:54] [Server thread/INFO]: Preparing start region for dimension minecraft:overworld
[10:30:57] [Server thread/INFO]: Preparing spawn area: 0%
[10:30:57] [Server thread/INFO]: Preparing spawn area: 0%
[10:30:57] [Server thread/INFO]: Preparing spawn area: 0%
[10:30:57] [Server thread/INFO]: Preparing spawn area: 0%
[10:30:57] [Server thread/INFO]: Preparing spawn area: 0%
[10:30:57] [Server thread/INFO]: Preparing spawn area: 0%
[10:30:57] [Server thread/INFO]: Preparing spawn area: 0%
[10:30:58] [Server thread/INFO]: Preparing spawn area: 0%
[10:30:59] [Server thread/INFO]: Time elapsed: 4364 ms
[10:30:59] [Server thread/INFO]: Done (5.087s)! For help, type "help"
[10:30:59] [Server thread/INFO]: Loading Xaero's Minimap - Stage 2/2 (Server)
[10:30:59] [Server thread/INFO]: Loading Xaero's World Map - Stage 2/2 (Server)
[10:58:02] [Server console handler/ERROR]: Exception handling console input
java.io.IOException: Input/output error
	at java.io.FileInputStream.readBytes(Native Method) ~[?:?]
	at java.io.FileInputStream.read(FileInputStream.java:276) ~[?:?]
	at java.io.BufferedInputStream.read1(BufferedInputStream.java:282) ~[?:?]
	at java.io.BufferedInputStream.read(BufferedInputStream.java:343) ~[?:?]
	at sun.nio.cs.StreamDecoder.readBytes(StreamDecoder.java:270) ~[?:?]
	at sun.nio.cs.StreamDecoder.implRead(StreamDecoder.java:313) ~[?:?]
	at sun.nio.cs.StreamDecoder.read(StreamDecoder.java:188) ~[?:?]
	at java.io.InputStreamReader.read(InputStreamReader.java:177) ~[?:?]
	at java.io.BufferedReader.fill(BufferedReader.java:162) ~[?:?]
	at java.io.BufferedReader.readLine(BufferedReader.java:329) ~[?:?]
	at java.io.BufferedReader.readLine(BufferedReader.java:396) ~[?:?]
	at net.minecraft.class_3176$1.run(class_3176.java:95) [server-intermediary.jar:?]
